2019-07-16T13:24:22+00:00 CRITICAL Uncaught Error: Call to undefined function base_url() in /app/public/wp-content/themes/twentynineteen-child/template-parts/header/site-branding.php:13
Stack trace:
#0 /app/public/wp-includes/template.php(724): require()
#1 /app/public/wp-includes/template.php(671): load_template('/app/public/wp-...', false)
#2 /app/public/wp-includes/general-template.php(168): locate_template(Array, true, false)
#3 /app/public/wp-content/themes/twentynineteen-child/header.php(30): get_template_part('template-parts/...', 'branding')
#4 /app/public/wp-includes/template.php(722): require_once('/app/public/wp-...')
#5 /app/public/wp-includes/template.php(671): load_template('/app/public/wp-...', true)
#6 /app/public/wp-includes/general-template.php(41): locate_template(Array, true)
#7 /app/public/wp-content/themes/twentynineteen/page.php(12): get_header()
#8 /app/public/wp-includes/template-loader.php(78): include('/app/public/wp-...')
#9 /app/public/wp-blog-header.php(19): require_once('/app/public/wp-...')
#10 /app/public/index in /app/public/wp-content/themes/twentynineteen-child/template-parts/header/site-branding.php on line 13

2019-07-16T13:24:49+00:00 CRITICAL Uncaught Error: Call to undefined function base_url() in /app/public/wp-content/themes/twentynineteen-child/template-parts/header/site-branding.php:14
Stack trace:
#0 /app/public/wp-includes/template.php(724): require()
#1 /app/public/wp-includes/template.php(671): load_template('/app/public/wp-...', false)
#2 /app/public/wp-includes/general-template.php(168): locate_template(Array, true, false)
#3 /app/public/wp-content/themes/twentynineteen-child/header.php(30): get_template_part('template-parts/...', 'branding')
#4 /app/public/wp-includes/template.php(722): require_once('/app/public/wp-...')
#5 /app/public/wp-includes/template.php(671): load_template('/app/public/wp-...', true)
#6 /app/public/wp-includes/general-template.php(41): locate_template(Array, true)
#7 /app/public/wp-content/themes/twentynineteen/page.php(12): get_header()
#8 /app/public/wp-includes/template-loader.php(78): include('/app/public/wp-...')
#9 /app/public/wp-blog-header.php(19): require_once('/app/public/wp-...')
#10 /app/public/index in /app/public/wp-content/themes/twentynineteen-child/template-parts/header/site-branding.php on line 14

2019-07-16T13:24:49+00:00 CRITICAL Uncaught Error: Call to undefined function base_url() in /app/public/wp-content/themes/twentynineteen-child/template-parts/header/site-branding.php:14
Stack trace:
#0 /app/public/wp-includes/template.php(724): require()
#1 /app/public/wp-includes/template.php(671): load_template('/app/public/wp-...', false)
#2 /app/public/wp-includes/general-template.php(168): locate_template(Array, true, false)
#3 /app/public/wp-content/themes/twentynineteen-child/header.php(30): get_template_part('template-parts/...', 'branding')
#4 /app/public/wp-includes/template.php(722): require_once('/app/public/wp-...')
#5 /app/public/wp-includes/template.php(671): load_template('/app/public/wp-...', true)
#6 /app/public/wp-includes/general-template.php(41): locate_template(Array, true)
#7 /app/public/wp-content/themes/twentynineteen/404.php(12): get_header()
#8 /app/public/wp-includes/template-loader.php(78): include('/app/public/wp-...')
#9 /app/public/wp-blog-header.php(19): require_once('/app/public/wp-...')
#10 /app/public/index. in /app/public/wp-content/themes/twentynineteen-child/template-parts/header/site-branding.php on line 14

